<?xml version="1.0" encoding="UTF-8"?>
<testng-results skipped="0" failed="0" ignored="0" total="1" passed="1">
  <reporter-output>
  </reporter-output>
  <suite name="com.NewTours.NewTours_LogInTest" duration-ms="26583" started-at="2018-11-20T01:11:31Z" finished-at="2018-11-20T01:11:57Z">
    <groups>
    </groups>
    <test name="Command line test" duration-ms="26583" started-at="2018-11-20T01:11:31Z" finished-at="2018-11-20T01:11:57Z">
      <class name="com.NewTours.NewTours_LogInTest">
        <test-method status="PASS" signature="setUp()[pri:0, instance:com.NewTours.NewTours_LogInTest@6b143ee9]" name="setUp" is-config="true" duration-ms="17131" started-at="2018-11-20T01:11:31Z" finished-at="2018-11-20T01:11:48Z">
          <reporter-output>
          </reporter-output>
        </test-method> <!-- setUp -->
        <test-method status="PASS" signature="logIn()[pri:0, instance:com.NewTours.NewTours_LogInTest@6b143ee9]" name="logIn" duration-ms="8004" started-at="2018-11-20T01:11:48Z" finished-at="2018-11-20T01:11:56Z">
          <reporter-output>
          </reporter-output>
        </test-method> <!-- logIn -->
        <test-method status="PASS" signature="tearDown()[pri:0, instance:com.NewTours.NewTours_LogInTest@6b143ee9]" name="tearDown" is-config="true" duration-ms="1395" started-at="2018-11-20T01:11:56Z" finished-at="2018-11-20T01:11:57Z">
          <reporter-output>
          </reporter-output>
        </test-method> <!-- tearDown -->
      </class> <!-- com.NewTours.NewTours_LogInTest -->
    </test> <!-- Command line test -->
  </suite> <!-- com.NewTours.NewTours_LogInTest -->
</testng-results>
