<?xml version="1.0" encoding="UTF-8"?>
<!-- Generated by org.testng.reporters.JUnitXMLReporter -->
<testsuite hostname="Cnu" name="NewUserRegistation" tests="2" failures="0" timestamp="20 Nov 2018 00:58:18 GMT" time="62.885" errors="0">
  <testcase name="register" time="1.138" classname="com.DataDriven.NewTours_NewUserRegistration_TestData"/>
  <testcase name="userRegistration" time="25.511" classname="com.DataDriven.NewTours_NewUserRegistration_TestData"/>
</testsuite> <!-- NewUserRegistation -->
